<?xml version="1.0" encoding="UTF-8"?>
<!-- Generated by org.testng.reporters.JUnitXMLReporter -->
<testsuite ignored="0" hostname="ARSHDEEP-PC" failures="0" tests="1" name="ChromeTest" time="10.304" errors="0" timestamp="2023-12-14T05:14:20 IST">
  <testcase classname="testBase.BaseClass" name="@BeforeClass setup" time="10.034">
    <failure type="java.util.MissingResourceException" message="Can&amp;apos;t find resource for bundle java.util.PropertyResourceBundle, key appURL">
      <![CDATA[java.util.MissingResourceException: Can't find resource for bundle java.util.PropertyResourceBundle, key appURL
at java.base/java.util.ResourceBundle.getObject(ResourceBundle.java:563)
at java.base/java.util.ResourceBundle.getString(ResourceBundle.java:520)
at testBase.BaseClass.setup(BaseClass.java:56)
at java.base/java.util.ArrayList.forEach(ArrayList.java:1511)
at java.base/java.util.concurrent.FutureTask.run(FutureTask.java:264)
at java.base/java.util.concurrent.ThreadPoolExecutor.runWorker(ThreadPoolExecutor.java:1130)
at java.base/java.util.concurrent.ThreadPoolExecutor$Worker.run(ThreadPoolExecutor.java:630)
at java.base/java.lang.Thread.run(Thread.java:831)
... Removed 15 stack frames]]>
    </failure>
  </testcase> <!-- @BeforeClass setup -->
  <testcase classname="testBase.BaseClass" name="@AfterClass teadDown" time="0.0">
    <skipped/>
  </testcase> <!-- @AfterClass teadDown -->
  <testcase classname="testCases.TC_001_AccountRegistrationtTest" name="test_account_Registration" time="0.001">
    <skipped/>
  </testcase> <!-- test_account_Registration -->
</testsuite> <!-- ChromeTest -->
